<?xml version="1.0" encoding="UTF-8"?>
<testng-results skipped="0" failed="0" ignored="0" total="2" passed="2">
  <reporter-output>
    <line>
      <![CDATA[Before Suite: Addition of two numbers(10,20)30.0]]>
    </line>
    <line>
      <![CDATA[Before Test: Division of two numbers(20,10)2.0]]>
    </line>
    <line>
      <![CDATA[Before Class: Multiplication of two numbers(10,20)200.0]]>
    </line>
    <line>
      <![CDATA[Before Method: Addition of two numbers(10,20)30.0]]>
    </line>
    <line>
      <![CDATA[Test: Addition of two numbers30.0]]>
    </line>
    <line>
      <![CDATA[After Method: Subtraction of two numbers(10,20)-10.0]]>
    </line>
    <line>
      <![CDATA[Before Method: Addition of two numbers(10,20)30.0]]>
    </line>
    <line>
      <![CDATA[Test: Addition of two numbers60.0]]>
    </line>
    <line>
      <![CDATA[After Method: Subtraction of two numbers(10,20)-10.0]]>
    </line>
    <line>
      <![CDATA[After Class: Multiplication of two numbers(10,20)200.0]]>
    </line>
    <line>
      <![CDATA[After Test: Division of two numbers(20,10)2.0]]>
    </line>
    <line>
      <![CDATA[After Suite: Addition of two numbers(10,20)30.0]]>
    </line>
  </reporter-output>
  <suite name="testPackage.TestNGUsage" duration-ms="26" started-at="2017-08-01T10:02:05Z" finished-at="2017-08-01T10:02:05Z">
    <groups>
    </groups>
    <test name="Command line test" duration-ms="26" started-at="2017-08-01T10:02:05Z" finished-at="2017-08-01T10:02:05Z">
      <class name="testPackage.TestNGUsage">
        <test-method status="PASS" signature="beforeSuite()[pri:0, instance:testPackage.TestNGUsage@cd8737]" name="beforeSuite" is-config="true" duration-ms="12" started-at="2017-08-01T15:32:05Z" finished-at="2017-08-01T15:32:05Z">
          <reporter-output>
            <line>
              <![CDATA[Before Suite: Addition of two numbers(10,20)30.0]]>
            </line>
          </reporter-output>
        </test-method> <!-- beforeSuite -->
        <test-method status="PASS" signature="beforeTest()[pri:0, instance:testPackage.TestNGUsage@cd8737]" name="beforeTest" is-config="true" duration-ms="0" started-at="2017-08-01T15:32:05Z" finished-at="2017-08-01T15:32:05Z">
          <reporter-output>
            <line>
              <![CDATA[Before Test: Division of two numbers(20,10)2.0]]>
            </line>
          </reporter-output>
        </test-method> <!-- beforeTest -->
        <test-method status="PASS" signature="beforeClass()[pri:0, instance:testPackage.TestNGUsage@cd8737]" name="beforeClass" is-config="true" duration-ms="0" started-at="2017-08-01T15:32:05Z" finished-at="2017-08-01T15:32:05Z">
          <reporter-output>
            <line>
              <![CDATA[Before Class: Multiplication of two numbers(10,20)200.0]]>
            </line>
          </reporter-output>
        </test-method> <!-- beforeClass -->
        <test-method status="PASS" signature="testNGUsage(java.lang.Double, java.lang.Double, java.lang.String)[pri:0, instance:testPackage.TestNGUsage@cd8737]" name="testNGUsage" duration-ms="2" started-at="2017-08-01T15:32:05Z" data-provider="dp" finished-at="2017-08-01T15:32:05Z">
          <params>
            <param index="0">
              <value>
                <![CDATA[10.0]]>
              </value>
            </param>
            <param index="1">
              <value>
                <![CDATA[20.0]]>
              </value>
            </param>
            <param index="2">
              <value>
                <![CDATA[Addition of two numbers]]>
              </value>
            </param>
          </params>
          <reporter-output>
            <line>
              <![CDATA[Test: Addition of two numbers30.0]]>
            </line>
          </reporter-output>
        </test-method> <!-- testNGUsage -->
        <test-method status="PASS" signature="beforeMethod()[pri:0, instance:testPackage.TestNGUsage@cd8737]" name="beforeMethod" is-config="true" duration-ms="0" started-at="2017-08-01T15:32:05Z" finished-at="2017-08-01T15:32:05Z">
          <reporter-output>
            <line>
              <![CDATA[Before Method: Addition of two numbers(10,20)30.0]]>
            </line>
          </reporter-output>
        </test-method> <!-- beforeMethod -->
        <test-method status="PASS" signature="beforeMethod()[pri:0, instance:testPackage.TestNGUsage@cd8737]" name="beforeMethod" is-config="true" duration-ms="0" started-at="2017-08-01T15:32:05Z" finished-at="2017-08-01T15:32:05Z">
          <reporter-output>
            <line>
              <![CDATA[Before Method: Addition of two numbers(10,20)30.0]]>
            </line>
          </reporter-output>
        </test-method> <!-- beforeMethod -->
        <test-method status="PASS" signature="afterMethod()[pri:0, instance:testPackage.TestNGUsage@cd8737]" name="afterMethod" is-config="true" duration-ms="0" started-at="2017-08-01T15:32:05Z" finished-at="2017-08-01T15:32:05Z">
          <reporter-output>
            <line>
              <![CDATA[After Method: Subtraction of two numbers(10,20)-10.0]]>
            </line>
          </reporter-output>
        </test-method> <!-- afterMethod -->
        <test-method status="PASS" signature="afterMethod()[pri:0, instance:testPackage.TestNGUsage@cd8737]" name="afterMethod" is-config="true" duration-ms="0" started-at="2017-08-01T15:32:05Z" finished-at="2017-08-01T15:32:05Z">
          <reporter-output>
            <line>
              <![CDATA[After Method: Subtraction of two numbers(10,20)-10.0]]>
            </line>
          </reporter-output>
        </test-method> <!-- afterMethod -->
        <test-method status="PASS" signature="testNGUsage(java.lang.Double, java.lang.Double, java.lang.String)[pri:0, instance:testPackage.TestNGUsage@cd8737]" name="testNGUsage" duration-ms="0" started-at="2017-08-01T15:32:05Z" data-provider="dp" finished-at="2017-08-01T15:32:05Z">
          <params>
            <param index="0">
              <value>
                <![CDATA[20.0]]>
              </value>
            </param>
            <param index="1">
              <value>
                <![CDATA[40.0]]>
              </value>
            </param>
            <param index="2">
              <value>
                <![CDATA[Addition of two numbers]]>
              </value>
            </param>
          </params>
          <reporter-output>
            <line>
              <![CDATA[Test: Addition of two numbers60.0]]>
            </line>
          </reporter-output>
        </test-method> <!-- testNGUsage -->
        <test-method status="PASS" signature="afterClass()[pri:0, instance:testPackage.TestNGUsage@cd8737]" name="afterClass" is-config="true" duration-ms="0" started-at="2017-08-01T15:32:05Z" finished-at="2017-08-01T15:32:05Z">
          <reporter-output>
            <line>
              <![CDATA[After Class: Multiplication of two numbers(10,20)200.0]]>
            </line>
          </reporter-output>
        </test-method> <!-- afterClass -->
        <test-method status="PASS" signature="afterTest()[pri:0, instance:testPackage.TestNGUsage@cd8737]" name="afterTest" is-config="true" duration-ms="1" started-at="2017-08-01T15:32:05Z" finished-at="2017-08-01T15:32:05Z">
          <reporter-output>
            <line>
              <![CDATA[After Test: Division of two numbers(20,10)2.0]]>
            </line>
          </reporter-output>
        </test-method> <!-- afterTest -->
        <test-method status="PASS" signature="afterSuite()[pri:0, instance:testPackage.TestNGUsage@cd8737]" name="afterSuite" is-config="true" duration-ms="1" started-at="2017-08-01T15:32:05Z" finished-at="2017-08-01T15:32:05Z">
          <reporter-output>
            <line>
              <![CDATA[After Suite: Addition of two numbers(10,20)30.0]]>
            </line>
          </reporter-output>
        </test-method> <!-- afterSuite -->
      </class> <!-- testPackage.TestNGUsage -->
    </test> <!-- Command line test -->
  </suite> <!-- testPackage.TestNGUsage -->
</testng-results>
